<?xml version="1.0" encoding="UTF-8"?>
<coverage generated="1629110765912" clover="3.2.0">
  <project timestamp="1629110765912" name="All files">
    <metrics statements="48" coveredstatements="32" conditionals="23" coveredconditionals="11" methods="11" coveredmethods="7" elements="82" coveredelements="50" complexity="0" loc="48" ncloc="48" packages="1" files="7" classes="7"/>
    <file name="constants.ts" path="/Users/bytedance/code/iocTest/src/constants.ts">
      <metrics statements="0" coveredstatements="0" conditionals="0" coveredconditionals="0" methods="0" coveredmethods="0"/>
    </file>
    <file name="container.ts" path="/Users/bytedance/code/iocTest/src/container.ts">
      <metrics statements="14" coveredstatements="12" conditionals="5" coveredconditionals="3" methods="2" coveredmethods="2"/>
      <line num="17" count="1" type="stmt"/>
      <line num="20" count="3" type="cond" truecount="1" falsecount="1"/>
      <line num="21" count="0" type="stmt"/>
      <line num="26" count="3" type="stmt"/>
      <line num="34" count="3" type="cond" truecount="1" falsecount="1"/>
      <line num="35" count="0" type="stmt"/>
      <line num="38" count="3" type="stmt"/>
      <line num="39" count="3" type="stmt"/>
      <line num="41" count="3" type="stmt"/>
      <line num="42" count="3" type="stmt"/>
      <line num="44" count="3" type="stmt"/>
      <line num="45" count="2" type="stmt"/>
      <line num="47" count="2" type="stmt"/>
      <line num="49" count="3" type="stmt"/>
    </file>
    <file name="index.ts" path="/Users/bytedance/code/iocTest/src/index.ts">
      <metrics statements="0" coveredstatements="0" conditionals="0" coveredconditionals="0" methods="0" coveredmethods="0"/>
    </file>
    <file name="inject.ts" path="/Users/bytedance/code/iocTest/src/inject.ts">
      <metrics statements="11" coveredstatements="10" conditionals="6" coveredconditionals="5" methods="2" coveredmethods="2"/>
      <line num="5" count="1" type="stmt"/>
      <line num="6" count="2" type="stmt"/>
      <line num="7" count="2" type="stmt"/>
      <line num="8" count="2" type="stmt"/>
      <line num="13" count="2" type="cond" truecount="2" falsecount="0"/>
      <line num="14" count="1" type="stmt"/>
      <line num="16" count="2" type="stmt"/>
      <line num="17" count="2" type="cond" truecount="1" falsecount="1"/>
      <line num="18" count="0" type="stmt"/>
      <line num="22" count="2" type="stmt"/>
      <line num="27" count="2" type="stmt"/>
    </file>
    <file name="interface.ts" path="/Users/bytedance/code/iocTest/src/interface.ts">
      <metrics statements="0" coveredstatements="0" conditionals="0" coveredconditionals="0" methods="0" coveredmethods="0"/>
    </file>
    <file name="metaData.ts" path="/Users/bytedance/code/iocTest/src/metaData.ts">
      <metrics statements="9" coveredstatements="3" conditionals="2" coveredconditionals="1" methods="5" coveredmethods="1"/>
      <line num="10" count="3" type="stmt"/>
      <line num="11" count="3" type="stmt"/>
      <line num="12" count="3" type="cond" truecount="1" falsecount="1"/>
      <line num="13" count="0" type="stmt"/>
      <line num="21" count="0" type="stmt"/>
      <line num="25" count="0" type="stmt"/>
      <line num="29" count="0" type="stmt"/>
      <line num="33" count="0" type="stmt"/>
      <line num="34" count="0" type="stmt"/>
    </file>
    <file name="provide.ts" path="/Users/bytedance/code/iocTest/src/provide.ts">
      <metrics statements="14" coveredstatements="7" conditionals="10" coveredconditionals="2" methods="2" coveredmethods="2"/>
      <line num="6" count="1" type="stmt"/>
      <line num="7" count="3" type="stmt"/>
      <line num="8" count="3" type="cond" truecount="1" falsecount="1"/>
      <line num="9" count="0" type="stmt"/>
      <line num="10" count="0" type="stmt"/>
      <line num="12" count="0" type="cond" truecount="0" falsecount="2"/>
      <line num="14" count="0" type="cond" truecount="0" falsecount="4"/>
      <line num="15" count="0" type="stmt"/>
      <line num="19" count="0" type="stmt"/>
      <line num="25" count="0" type="stmt"/>
      <line num="32" count="3" type="cond" truecount="1" falsecount="1"/>
      <line num="33" count="3" type="stmt"/>
      <line num="36" count="3" type="stmt"/>
      <line num="43" count="3" type="stmt"/>
    </file>
  </project>
</coverage>
