TN:
SF:src/constants.ts
FNF:0
FNH:0
LF:0
LH:0
BRF:0
BRH:0
end_of_record
TN:
SF:src/container.ts
FN:19,(anonymous_0)
FN:33,(anonymous_1)
FNF:2
FNH:2
FNDA:3,(anonymous_0)
FNDA:3,(anonymous_1)
DA:17,1
DA:20,3
DA:21,0
DA:26,3
DA:34,3
DA:35,0
DA:38,3
DA:39,3
DA:41,3
DA:42,3
DA:44,3
DA:45,2
DA:47,2
DA:49,3
LF:14
LH:12
BRDA:19,0,0,3
BRDA:20,1,0,0
BRDA:20,1,1,3
BRDA:34,2,0,0
BRDA:34,2,1,3
BRF:5
BRH:3
end_of_record
TN:
SF:src/index.ts
FNF:0
FNH:0
LF:0
LH:0
BRF:0
BRH:0
end_of_record
TN:
SF:src/inject.ts
FN:5,(anonymous_0)
FN:6,(anonymous_1)
FNF:2
FNH:2
FNDA:2,(anonymous_0)
FNDA:2,(anonymous_1)
DA:5,1
DA:6,2
DA:7,2
DA:8,2
DA:13,2
DA:14,1
DA:16,2
DA:17,2
DA:18,0
DA:22,2
DA:27,2
LF:11
LH:10
BRDA:13,0,0,1
BRDA:13,0,1,1
BRDA:17,1,0,0
BRDA:17,1,1,2
BRDA:23,2,0,2
BRDA:23,2,1,2
BRF:6
BRH:5
end_of_record
TN:
SF:src/interface.ts
FNF:0
FNH:0
LF:0
LH:0
BRF:0
BRH:0
end_of_record
TN:
SF:src/metaData.ts
FN:9,(anonymous_0)
FN:20,(anonymous_1)
FN:24,(anonymous_2)
FN:28,(anonymous_3)
FN:32,(anonymous_4)
FNF:5
FNH:1
FNDA:3,(anonymous_0)
FNDA:0,(anonymous_1)
FNDA:0,(anonymous_2)
FNDA:0,(anonymous_3)
FNDA:0,(anonymous_4)
DA:10,3
DA:11,3
DA:12,3
DA:13,0
DA:21,0
DA:25,0
DA:29,0
DA:33,0
DA:34,0
LF:9
LH:3
BRDA:12,0,0,0
BRDA:12,0,1,3
BRF:2
BRH:1
end_of_record
TN:
SF:src/provide.ts
FN:6,(anonymous_0)
FN:7,(anonymous_1)
FNF:2
FNH:2
FNDA:3,(anonymous_0)
FNDA:3,(anonymous_1)
DA:6,1
DA:7,3
DA:8,3
DA:9,0
DA:10,0
DA:12,0
DA:14,0
DA:15,0
DA:19,0
DA:25,0
DA:32,3
DA:33,3
DA:36,3
DA:43,3
LF:14
LH:7
BRDA:8,0,0,0
BRDA:8,0,1,3
BRDA:12,1,0,0
BRDA:12,1,1,0
BRDA:14,2,0,0
BRDA:14,2,1,0
BRDA:14,3,0,0
BRDA:14,3,1,0
BRDA:32,4,0,3
BRDA:32,4,1,0
BRF:10
BRH:2
end_of_record
